<?xml version="1.0" encoding="UTF-8"?>
<!-- Generated by org.testng.reporters.JUnitXMLReporter -->
<testsuite ignored="0" hostname="DESKTOP-VRI3RIE" failures="0" tests="2" name="Chrome Browser Test" time="1.073" errors="0" timestamp="2025-04-07T13:49:55 EDT">
  <testcase classname="selenium.azure.DemoTest" name="freshWorksLogoTest" time="0.001">
    <skipped/>
  </testcase> <!-- freshWorksLogoTest -->
  <testcase classname="selenium.azure.DemoTest" name="freshWorksTitleTest" time="0.0">
    <skipped/>
  </testcase> <!-- freshWorksTitleTest -->
</testsuite> <!-- Chrome Browser Test -->
