<?xml version="1.0" encoding="UTF-8"?>
<!-- Generated by org.testng.reporters.JUnitXMLReporter -->
<testsuite ignored="0" hostname="DESKTOP-VRI3RIE" failures="0" tests="3" name="FreshWorksTestEdge" time="0.12" errors="0" timestamp="2025-03-22T15:12:29 EDT">
  <testcase classname="sampleAzure.sampleAzure.FreshWorksTest" name="freshWorksLogoTest" time="0.0">
    <skipped/>
  </testcase> <!-- freshWorksLogoTest -->
  <testcase classname="sampleAzure.sampleAzure.FreshWorksTest" name="freshWorksTitleTest" time="0.0">
    <skipped/>
  </testcase> <!-- freshWorksTitleTest -->
  <testcase classname="sampleAzure.sampleAzure.FreshWorksTest" name="getFooterLinksTest" time="0.0">
    <skipped/>
  </testcase> <!-- getFooterLinksTest -->
</testsuite> <!-- FreshWorksTestEdge -->
