<?xml version="1.0" encoding="UTF-8"?>
<testng-results ignored="0" total="1" passed="1" failed="0" skipped="0">
  <reporter-output>
  </reporter-output>
  <suite started-at="2021-01-02T18:37:34 IST" name="Default suite" finished-at="2021-01-02T18:37:34 IST" duration-ms="86">
    <groups>
    </groups>
    <test started-at="2021-01-02T18:37:34 IST" name="Default test" finished-at="2021-01-02T18:37:34 IST" duration-ms="86">
      <class name="restAssured.Get">
        <test-method signature="Test()[pri:0, instance:restAssured.Get@52719fb6]" started-at="2021-01-02T18:37:34 IST" name="Test" finished-at="2021-01-02T18:37:34 IST" duration-ms="16" status="PASS">
          <reporter-output>
          </reporter-output>
        </test-method> <!-- Test -->
      </class> <!-- restAssured.Get -->
    </test> <!-- Default test -->
  </suite> <!-- Default suite -->
</testng-results>
